Compilación iniciada a las 14/03/2014 13:40:43.
     1>Proyecto "C:\devildrey33\C++\BubaTronik 0.61\DWL\Visual Studio 2010\DWL.vcxproj" en el nodo 2 (Build destinos).
     1>ClCompile:
         C:\Program Files (x86)\Microsoft Visual Studio 12.0\VC\bin\CL.exe /c /ZI /nologo /W3 /WX- /Od /Oy- /D WIN32 /D _DEBUG /D _LIB /D _UNICODE /D UNICODE /Gm /EHsc /RTC1 /MDd /GS /fp:precise /Zc:wchar_t /Zc:forScope /Fo"..\Debug\\" /Fd"..\vc90.pdb" /Gd /TP /analyze- /errorReport:prompt ..\Include\DWLAplicacion.cpp ..\Include\DWLArbolEx.cpp ..\Include\DWLArbolEx\DWLArbolEx_Nodo.cpp ..\Include\DWLArbolEx\DWLArbolEx_Nucleo.cpp ..\Include\DWLBarraEx.cpp ..\Include\DWLBarraEx\DWLBarraEx_Nucleo.cpp ..\Include\DWLBarraScrollEx.cpp ..\Include\DWLBarraTareas.cpp ..\Include\DWLBaseWnd.cpp ..\Include\DWLBotonEx.cpp ..\Include\DWLBotonEx\DWLBotonEx_Nucleo.cpp ..\Include\DWLBrocha.cpp ..\Include\DWLControl.cpp ..\Include\DWLControlEx.cpp ..\Include\DWLDebug.cpp ..\Include\DWLDialogo.cpp ..\Include\DWLDialogoAbrir.cpp ..\Include\DWLDialogoColores.cpp ..\Include\DWLDialogoDirectorios.cpp ..\Include\DWLDialogoFuentes.cpp ..\Include\DWLDialogoGuardar.cpp ..\Include\DWLDialogoImpresoras.cpp ..\Include\DWLDirectoriosWindows.cpp ..\Include\DWLEdicionDesplegableEx.cpp ..\Include\DWLEdicionEx.cpp ..\Include\DWLEdicionEx\DWLEdicionEx_Nucleo.cpp ..\Include\DWLEstilos.cpp ..\Include\DWLEstilos\DWLEstilos_Fuente.cpp ..\Include\DWLExplorarDirectorios.cpp ..\Include\DWLFuente.cpp ..\Include\DWLIcono.cpp ..\Include\DWLListView.cpp ..\Include\DWLListaEx.cpp ..\Include\DWLListaEx\DWLListaEx_Columna.cpp ..\Include\DWLListaEx\DWLListaEx_Item.cpp ..\Include\DWLListaEx\DWLListaEx_Nucleo.cpp ..\Include\DWLListaIconos.cpp ..\Include\DWLMapaBits.cpp ..\Include\DWLMarcaEx.cpp ..\Include\DWLMarcaEx\DWLMarcaEx_Nucleo.cpp ..\Include\DWLMedidasSistema.cpp ..\Include\DWLMenuEx.cpp ..\Include\DWLPluma.cpp ..\Include\DWLRecta.cpp ..\Include\DWLRegion.cpp ..\Include\DWLString.cpp ..\Include\DWLString\DWLString_char.cpp ..\Include\DWLString\DWLString_wchar_t.cpp ..\Include\DWLToolTipEx.cpp ..\Include\DWLTreeView.cpp ..\Include\DWLVentana.cpp ..\Include\DWLVentanaErrorGrave.cpp ..\Include\DWLVentanaMDI.cpp ..\Include\DWLVentanaMDIChild.cpp ..\Include\DWLhDC.cpp
         DWLhDC.cpp
         DWLVentanaMDIChild.cpp
         DWLVentanaMDI.cpp
         DWLVentanaErrorGrave.cpp
         DWLVentana.cpp
         DWLTreeView.cpp
         DWLToolTipEx.cpp
         DWLString_wchar_t.cpp
         DWLString_char.cpp
         DWLString.cpp
         DWLRegion.cpp
         DWLRecta.cpp
         DWLPluma.cpp
         DWLMenuEx.cpp
         DWLMedidasSistema.cpp
         DWLMarcaEx_Nucleo.cpp
         DWLMarcaEx.cpp
         DWLMapaBits.cpp
         DWLListaIconos.cpp
         DWLListaEx_Nucleo.cpp
         Generando código...
         Compilando...
         DWLListaEx_Item.cpp
         DWLListaEx_Columna.cpp
         DWLListaEx.cpp
         DWLListView.cpp
         DWLIcono.cpp
         DWLFuente.cpp
         DWLExplorarDirectorios.cpp
         DWLEstilos_Fuente.cpp
         DWLEstilos.cpp
         DWLEdicionEx_Nucleo.cpp
         DWLEdicionEx.cpp
         DWLEdicionDesplegableEx.cpp
         DWLDirectoriosWindows.cpp
     1>c:\devildrey33\c++\bubatronik 0.61\dwl\include\dwldirectorioswindows.cpp(116): warning C4996: 'GetVersionExW': se declaró desusado
                 c:\program files (x86)\windows kits\8.1\include\um\sysinfoapi.h(442) : vea la declaración de 'GetVersionExW'
         DWLDialogoImpresoras.cpp
         DWLDialogoGuardar.cpp
         DWLDialogoFuentes.cpp
         DWLDialogoDirectorios.cpp
         DWLDialogoColores.cpp
         DWLDialogoAbrir.cpp
         DWLDialogo.cpp
         Generando código...
         Compilando...
         DWLDebug.cpp
         DWLControlEx.cpp
         DWLControl.cpp
         DWLBrocha.cpp
         DWLBotonEx_Nucleo.cpp
         DWLBotonEx.cpp
         DWLBaseWnd.cpp
         DWLBarraTareas.cpp
         DWLBarraScrollEx.cpp
         DWLBarraEx_Nucleo.cpp
         DWLBarraEx.cpp
         DWLArbolEx_Nucleo.cpp
         DWLArbolEx_Nodo.cpp
         DWLArbolEx.cpp
         DWLAplicacion.cpp
         Generando código...
       Lib:
         C:\Program Files (x86)\Microsoft Visual Studio 12.0\VC\bin\Lib.exe /OUT:"..\Debug\DWL.lib" /NOLOGO ..\Debug\DWLBarraTareas.obj
         ..\Debug\DWLDialogoAbrir.obj
         ..\Debug\DWLDialogoColores.obj
         ..\Debug\DWLDialogoDirectorios.obj
         ..\Debug\DWLDialogoFuentes.obj
         ..\Debug\DWLDialogoGuardar.obj
         ..\Debug\DWLDialogoImpresoras.obj
         ..\Debug\DWLEdicionDesplegableEx.obj
         ..\Debug\DWLControlEx.obj
         ..\Debug\DWLArbolEx.obj
         ..\Debug\DWLArbolEx_Nodo.obj
         ..\Debug\DWLArbolEx_Nucleo.obj
         ..\Debug\DWLBarraEx.obj
         ..\Debug\DWLBarraEx_Nucleo.obj
         ..\Debug\DWLBarraScrollEx.obj
         ..\Debug\DWLBotonEx.obj
         ..\Debug\DWLBotonEx_Nucleo.obj
         ..\Debug\DWLEdicionEx.obj
         ..\Debug\DWLEdicionEx_Nucleo.obj
         ..\Debug\DWLMarcaEx.obj
         ..\Debug\DWLMarcaEx_Nucleo.obj
         ..\Debug\DWLString_char.obj
         ..\Debug\DWLString_wchar_t.obj
         ..\Debug\DWLToolTipEx.obj
         ..\Debug\DWLListaEx.obj
         ..\Debug\DWLListaEx_Columna.obj
         ..\Debug\DWLListaEx_Item.obj
         ..\Debug\DWLListaEx_Nucleo.obj
         ..\Debug\DWLMenuEx.obj
         ..\Debug\DWLExplorarDirectorios.obj
         ..\Debug\DWLDialogo.obj
         ..\Debug\DWLVentana.obj
         ..\Debug\DWLVentanaErrorGrave.obj
         ..\Debug\DWLVentanaMDI.obj
         ..\Debug\DWLVentanaMDIChild.obj
         ..\Debug\DWLBaseWnd.obj
         ..\Debug\DWLhDC.obj
         ..\Debug\DWLIcono.obj
         ..\Debug\DWLMapaBits.obj
         ..\Debug\DWLPluma.obj
         ..\Debug\DWLRecta.obj
         ..\Debug\DWLRegion.obj
         ..\Debug\DWLBrocha.obj
         ..\Debug\DWLFuente.obj
         ..\Debug\DWLListView.obj
         ..\Debug\DWLTreeView.obj
         ..\Debug\DWLControl.obj
         ..\Debug\DWLDirectoriosWindows.obj
         ..\Debug\DWLListaIconos.obj
         ..\Debug\DWLMedidasSistema.obj
         ..\Debug\DWLDebug.obj
         ..\Debug\DWLEstilos.obj
         ..\Debug\DWLEstilos_Fuente.obj
         ..\Debug\DWLAplicacion.obj
         ..\Debug\DWLString.obj
         DWL.vcxproj -> C:\devildrey33\C++\BubaTronik 0.61\DWL\Visual Studio 2010\..\Debug\DWL.lib
     1>Compilación del proyecto terminada "C:\devildrey33\C++\BubaTronik 0.61\DWL\Visual Studio 2010\DWL.vcxproj" (Build destinos).

Compilación correcta.

Tiempo transcurrido 00:00:42.94
